[debug] [2018-08-02T01:47:38.274Z] ----------------------------------------------------------------------
[debug] [2018-08-02T01:47:38.276Z] Command:       /usr/local/bin/node /usr/local/bin/firebase deploy
[debug] [2018-08-02T01:47:38.276Z] CLI Version:   3.18.4
[debug] [2018-08-02T01:47:38.276Z] Platform:      darwin
[debug] [2018-08-02T01:47:38.276Z] Node Version:  v10.0.0
[debug] [2018-08-02T01:47:38.277Z] Time:          Wed Aug 01 2018 21:47:38 GMT-0400 (EDT)
[debug] [2018-08-02T01:47:38.277Z] ----------------------------------------------------------------------
[debug] 
[debug] [2018-08-02T01:47:38.292Z] > command requires scopes: ["email","openid","https://www.googleapis.com/auth/cloudplatformprojects.readonly","https://www.googleapis.com/auth/firebase","https://www.googleapis.com/auth/cloud-platform"]
[debug] [2018-08-02T01:47:38.292Z] > authorizing via signed-in user
[debug] [2018-08-02T01:47:38.294Z] > refreshing access token with scopes: ["email","https://www.googleapis.com/auth/cloud-platform","https://www.googleapis.com/auth/cloudplatformprojects.readonly","https://www.googleapis.com/auth/firebase","openid"]
[debug] [2018-08-02T01:47:38.294Z] >>> HTTP REQUEST POST https://www.googleapis.com/oauth2/v3/token  
 { refresh_token: '1/1IHqk3AQBie3VsZZKmC5nAX5Vymez6-RbBsjR21RhEA',
  client_id: '563584335869-fgrhgmd47bqnekij5i8b5pr03ho849e6.apps.googleusercontent.com',
  client_secret: 'j9iVZfS8kkCEFUPaAeJV0sAi',
  grant_type: 'refresh_token',
  scope: 'email https://www.googleapis.com/auth/cloud-platform https://www.googleapis.com/auth/cloudplatformprojects.readonly https://www.googleapis.com/auth/firebase openid' } 
 Wed Aug 01 2018 21:47:38 GMT-0400 (EDT)
[debug] [2018-08-02T01:47:39.652Z] <<< HTTP RESPONSE 200
[debug] [2018-08-02T01:47:39.669Z] >>> HTTP REQUEST GET https://admin.firebase.com/v1/projects/egc-webapp  
  
 Wed Aug 01 2018 21:47:39 GMT-0400 (EDT)
[debug] [2018-08-02T01:47:41.381Z] <<< HTTP RESPONSE 200
[debug] [2018-08-02T01:47:41.382Z] >>> HTTP REQUEST GET https://admin.firebase.com/v1/database/egc-webapp/tokens  
  
 Wed Aug 01 2018 21:47:41 GMT-0400 (EDT)
[debug] [2018-08-02T01:47:43.116Z] <<< HTTP RESPONSE 200
[info] 
[info] === Deploying to 'egc-webapp'...
[info] 
[info] i  deploying database, hosting
[info] i  database: checking rules syntax...
[debug] [2018-08-02T01:47:43.481Z] >>> HTTP REQUEST PUT https://egc-webapp.firebaseio.com/.settings/rules.json?dryRun=true  
 {
  "rules": {
    ".read": "auth != null",
    ".write": "auth != null"
  }
}
 
 Wed Aug 01 2018 21:47:43 GMT-0400 (EDT)
[debug] [2018-08-02T01:47:43.822Z] <<< HTTP RESPONSE 200
[info] ✔  database: rules syntax for database egc-webapp is valid
[info] i  hosting: preparing build directory for upload...
[debug] [2018-08-02T01:47:44.253Z] >>> HTTP REQUEST PUT https://deploy.firebase.com/v1/hosting/egc-webapp/uploads/-LIsJQozFdgTqDtcJnfI?fileCount=9&message=  
  
 Wed Aug 01 2018 21:47:44 GMT-0400 (EDT)
